#
# A fatal error has been detected by the Java Runtime Environment:
#
#  EXCEPTION_ACCESS_VIOLATION (0xc0000005) at pc=0x00007ff9567ba469, pid=6064, tid=1696
#
# JRE version: OpenJDK Runtime Environment (11.0.10) (build 11.0.10+0-b96-7249189)
# Java VM: OpenJDK 64-Bit Server VM (11.0.10+0-b96-7249189, mixed mode, tiered, compressed oops, g1 gc, windows-amd64)
# Problematic frame:
# V  [jvm.dll+0x2da469]
#
# No core dump will be written. Minidumps are not enabled by default on client versions of Windows
#
# If you would like to submit a bug report, please visit:
#   https://bugreport.java.com/bugreport/crash.jsp
#

---------------  S U M M A R Y ------------

Command Line: -XX:MaxMetaspaceSize=512m --add-opens=java.base/java.util=ALL-UNNAMED --add-opens=java.base/java.lang=ALL-UNNAMED --add-opens=java.base/java.lang.invoke=ALL-UNNAMED --add-opens=java.base/java.util=ALL-UNNAMED --add-opens=java.prefs/java.util.prefs=ALL-UNNAMED --add-opens=java.prefs/java.util.prefs=ALL-UNNAMED --add-opens=java.base/java.nio.charset=ALL-UNNAMED --add-opens=java.base/java.net=ALL-UNNAMED --add-opens=java.base/java.util.concurrent.atomic=ALL-UNNAMED -Xmx2048m -Dfile.encoding=windows-1252 -Duser.country=US -Duser.language=en -Duser.variant org.gradle.launcher.daemon.bootstrap.GradleDaemon 7.3.3

Host: Intel(R) Core(TM)2 Duo CPU     E8300  @ 2.83GHz, 2 cores, 3G,  Windows 10 , 64 bit Build 15063 (10.0.15063.296)
Time: Tue May  3 04:50:16 2022 W. Central Africa Standard Time elapsed time: 218.377091 seconds (0d 0h 3m 38s)

---------------  T H R E A D  ---------------

Current thread (0x0000021e85049000):  ConcurrentGCThread "G1 Conc#0" [stack: 0x000000c574900000,0x000000c574a00000] [id=1696]

Stack: [0x000000c574900000,0x000000c574a00000],  sp=0x000000c5749ff730,  free space=1021k
Native frames: (J=compiled Java code, j=interpreted, Vv=VM code, C=native code)
V  [jvm.dll+0x2da469]
V  [jvm.dll+0x2da396]
V  [jvm.dll+0x2d362d]
V  [jvm.dll+0x2d1aa1]
V  [jvm.dll+0x2dffcf]
V  [jvm.dll+0x2e1d8b]
V  [jvm.dll+0x2e395b]
V  [jvm.dll+0x2e2579]
V  [jvm.dll+0x2e6b46]
V  [jvm.dll+0x748da0]
V  [jvm.dll+0x6e3d45]
V  [jvm.dll+0x5ebe96]
C  [ucrtbase.dll+0x20369]
C  [KERNEL32.DLL+0x12774]
C  [ntdll.dll+0x70d61]


siginfo: EXCEPTION_ACCESS_VIOLATION (0xc0000005), reading address 0x0000000000000160


Register to memory mapping:

RIP=0x00007ff9567ba469 jvm.dll
RAX=0x0000021e85023f80 points into unknown readable memory: 0x0000000000000000 | 00 00 00 00 00 00 00 00
RBX=0x0000000000020000 is an unknown value
RCX=0x0000021e8503c950 points into unknown readable memory: 0x0000021e85045800 | 00 58 04 85 1e 02 00 00
RDX=0x0 is NULL
RSP=0x000000c5749ff730 points into unknown readable memory: 0x0000000083acd980 | 80 d9 ac 83 00 00 00 00
RBP=0x0000021e8503c950 points into unknown readable memory: 0x0000021e85045800 | 00 58 04 85 1e 02 00 00
RSI=0x000000c5749ff928 points into unknown readable memory: 0x00007ff956cfef20 | 20 ef cf 56 f9 7f 00 00
RDI=0x0000000000020000 is an unknown value
R8 =0x0 is NULL
R9 =0x0000000000020000 is an unknown value
R10=0x0000021e8503c950 points into unknown readable memory: 0x0000021e85045800 | 00 58 04 85 1e 02 00 00
R11=0x0000021e9c2d0000 points into unknown readable memory: 0x0244000012200001 | 01 00 20 12 00 00 44 02
R12=0x000000000000000c is an unknown value
R13=0xaaaaaaaaaaaaaaab is an unknown value
R14=0x0 is NULL
R15=0x000000c5749ff900 points into unknown readable memory: 0x0000021e8503c950 | 50 c9 03 85 1e 02 00 00


Registers:
RAX=0x0000021e85023f80, RBX=0x0000000000020000, RCX=0x0000021e8503c950, RDX=0x0000000000000000
RSP=0x000000c5749ff730, RBP=0x0000021e8503c950, RSI=0x000000c5749ff928, RDI=0x0000000000020000
R8 =0x0000000000000000, R9 =0x0000000000020000, R10=0x0000021e8503c950, R11=0x0000021e9c2d0000
R12=0x000000000000000c, R13=0xaaaaaaaaaaaaaaab, R14=0x0000000000000000, R15=0x000000c5749ff900
RIP=0x00007ff9567ba469, EFLAGS=0x0000000000010206

Top of Stack: (sp=0x000000c5749ff730)
0x000000c5749ff730:   0000000083acd980 000000c5749ff928
0x000000c5749ff740:   0000000100035140 00007ff9567ba396
0x000000c5749ff750:   0000021e85049301 00007ff9567ba396
0x000000c5749ff760:   000000c5749ff928 0000000083acef70
0x000000c5749ff770:   0000021e8504b5c0 000000c5749ff928
0x000000c5749ff780:   0000000000000000 00007ff9567b21ed
0x000000c5749ff790:   0000000083acef70 00007ff9567b362d
0x000000c5749ff7a0:   0000000083aced60 0000000083acef6c
0x000000c5749ff7b0:   000000c5749ff900 0000021e85049301
0x000000c5749ff7c0:   0000000100013f08 00007ff9567b1aa1
0x000000c5749ff7d0:   0000000000000042 0000000083aced60
0x000000c5749ff7e0:   0000000083aceaf0 000000c5749ff900
0x000000c5749ff7f0:   0000000083aced60 00007ff9567bffcf
0x000000c5749ff800:   0000021e8504b5c0 0000000000760000
0x000000c5749ff810:   000000c5749ff900 0000000000000000
0x000000c5749ff820:   0000000083aced60 00007ff9567c1d8b 

Instructions: (pc=0x00007ff9567ba469)
0x00007ff9567ba369:   00 00 00 00 48 8b fa 4c 8b ca 49 8b 42 08 8b 53
0x00007ff9567ba379:   10 8b 88 c0 02 00 00 48 8b 80 b0 02 00 00 49 d3
0x00007ff9567ba389:   e8 49 8b ca 4e 8b 04 c0 e8 ba 00 00 00 84 c0 75
0x00007ff9567ba399:   0b 48 8b 5c 24 48 48 83 c4 30 5f c3 48 8b 43 20
0x00007ff9567ba3a9:   48 8b 88 d8 02 00 00 48 8b 83 98 00 00 00 48 85
0x00007ff9567ba3b9:   c0 74 0e 48 3b f8 72 0e 48 3b bb a0 00 00 00 72
0x00007ff9567ba3c9:   77 48 3b f9 73 72 80 3d c2 d1 71 00 00 74 15 8b
0x00007ff9567ba3d9:   47 08 8b 0d 37 47 6d 00 48 d3 e0 48 03 05 25 47
0x00007ff9567ba3e9:   6d 00 eb 04 48 8b 47 08 81 78 08 00 00 00 c0 72
0x00007ff9567ba3f9:   35 48 8b 83 b0 00 00 00 48 39 83 a8 00 00 00 73
0x00007ff9567ba409:   10 48 8b 83 c8 00 00 00 48 39 83 c0 00 00 00 72
0x00007ff9567ba419:   27 48 8b cb e8 0e a4 00 00 b0 01 48 8b 5c 24 48
0x00007ff9567ba429:   48 83 c4 30 5f c3 48 8d 54 24 40 48 89 7c 24 40
0x00007ff9567ba439:   48 8b cb e8 ff 18 00 00 b0 01 48 8b 5c 24 48 48
0x00007ff9567ba449:   83 c4 30 5f c3 cc cc 48 89 5c 24 18 48 89 6c 24
0x00007ff9567ba459:   20 41 56 48 83 ec 20 49 8b d9 44 8b f2 48 8b e9
0x00007ff9567ba469:   4d 3b 88 60 01 00 00 72 13 32 c0 48 8b 5c 24 40
0x00007ff9567ba479:   48 8b 6c 24 48 48 83 c4 20 41 5e c3 48 8b 81 90
0x00007ff9567ba489:   00 00 00 48 8b d3 48 89 74 24 30 48 2b 10 8b 48
0x00007ff9567ba499:   10 48 c1 ea 03 48 d3 ea 48 8d 48 18 e8 c6 38 e3
0x00007ff9567ba4a9:   ff 0f b6 f0 84 c0 74 6f 48 89 7c 24 38 48 8b 7c
0x00007ff9567ba4b9:   24 50 48 85 ff 75 2d 40 38 3d d1 d0 71 00 74 15
0x00007ff9567ba4c9:   8b 53 08 8b 0d 46 46 6d 00 48 d3 e2 48 03 15 34
0x00007ff9567ba4d9:   46 6d 00 eb 04 48 8b 53 08 48 8b cb e8 f6 24 eb
0x00007ff9567ba4e9:   ff 48 63 f8 48 8b 85 f0 02 00 00 8b 0d be d6 71
0x00007ff9567ba4f9:   00 4a 8b 14 f0 48 8b 42 18 48 8b 40 10 48 2b d8
0x00007ff9567ba509:   48 d3 eb 48 8d 4a 38 8b d3 e8 c9 e4 ff ff 48 01
0x00007ff9567ba519:   78 08 48 8b 7c 24 38 48 8b 5c 24 40 40 0f b6 c6
0x00007ff9567ba529:   48 8b 74 24 30 48 8b 6c 24 48 48 83 c4 20 41 5e
0x00007ff9567ba539:   c3 cc cc cc cc cc cc 4c 8b 81 b8 02 00 00 48 8b
0x00007ff9567ba549:   81 a8 02 00 00 8b 91 c0 02 00 00 49 03 c0 8b ca
0x00007ff9567ba559:   48 d3 e0 49 d3 e0 49 2b c0 48 83 e0 f8 c3 cc cc 


Stack slot to memory mapping:
stack at sp + 0 slots: 0x0000000083acd980 is an oop: groovyjarjarantlr4.v4.runtime.dfa.DFAState 
{0x0000000083acd980} - klass: 'groovyjarjarantlr4/v4/runtime/dfa/DFAState'
stack at sp + 1 slots: 0x000000c5749ff928 points into unknown readable memory: 0x00007ff956cfef20 | 20 ef cf 56 f9 7f 00 00
stack at sp + 2 slots: 0x0000000100035140 is a pointer to class: 
java.lang.Enum {0x0000000100035148}
stack at sp + 3 slots: 0x00007ff9567ba396 jvm.dll
stack at sp + 4 slots: 0x0000021e85049301 points into unknown readable memory: 00 00 00 00 00 00 00
stack at sp + 5 slots: 0x00007ff9567ba396 jvm.dll
stack at sp + 6 slots: 0x000000c5749ff928 points into unknown readable memory: 0x00007ff956cfef20 | 20 ef cf 56 f9 7f 00 00
stack at sp + 7 slots: 0x0000000083acef70 is an oop: groovyjarjarantlr4.v4.runtime.atn.RuleTransition 
{0x0000000083acef70} - klass: 'groovyjarjarantlr4/v4/runtime/atn/RuleTransition'


---------------  P R O C E S S  ---------------

Threads class SMR info:
_java_thread_list=0x0000021ea291f510, length=58, elements={
0x0000021e84ffb000, 0x0000021ea0e8f000, 0x0000021ea0e90800, 0x0000021ea0eee000,
0x0000021ea0ef0000, 0x0000021ea0ef1000, 0x0000021ea0ef5800, 0x0000021ea0ef8800,
0x0000021ea1062000, 0x0000021ea1155800, 0x0000021ea2506000, 0x0000021ea2ae4800,
0x0000021ea243b800, 0x0000021ea12ea800, 0x0000021ea1366800, 0x0000021ea26bc800,
0x0000021ea26bd800, 0x0000021ea26be800, 0x0000021ea26c1000, 0x0000021ea3877000,
0x0000021ea3879800, 0x0000021ea3878800, 0x0000021ea387c000, 0x0000021ea387a800,
0x0000021ea3876800, 0x0000021ea387e800, 0x0000021ea3881800, 0x0000021ea3882800,
0x0000021ea387f800, 0x0000021ea3881000, 0x0000021ea387d000, 0x0000021ea3880000,
0x0000021ea3883800, 0x0000021ea387d800, 0x0000021ea3884000, 0x0000021ea3885000,
0x0000021ea26bf000, 0x0000021ea26bb000, 0x0000021ea26ba800, 0x0000021ea26bc000,
0x0000021ea26c0000, 0x0000021ea327f800, 0x0000021ea327e000, 0x0000021ea3282000,
0x0000021ea3280800, 0x0000021ea327e800, 0x0000021ea3281000, 0x0000021ea3283000,
0x0000021ea327d000, 0x0000021ea3284800, 0x0000021ea3283800, 0x0000021ea3287000,
0x0000021ea3287800, 0x0000021ea3288800, 0x0000021ea3289800, 0x0000021ea328a000,
0x0000021ea328b000, 0x0000021ea3286000
}

Java Threads: ( => current thread )
  0x0000021e84ffb000 JavaThread "main" [_thread_blocked, id=3332, stack(0x000000c574600000,0x000000c574700000)]
  0x0000021ea0e8f000 JavaThread "Reference Handler" daemon [_thread_blocked, id=2888, stack(0x000000c574d00000,0x000000c574e00000)]
  0x0000021ea0e90800 JavaThread "Finalizer" daemon [_thread_blocked, id=3796, stack(0x000000c574e00000,0x000000c574f00000)]
  0x0000021ea0eee000 JavaThread "Signal Dispatcher" daemon [_thread_blocked, id=2900, stack(0x000000c574f00000,0x000000c575000000)]
  0x0000021ea0ef0000 JavaThread "Attach Listener" daemon [_thread_blocked, id=2868, stack(0x000000c575000000,0x000000c575100000)]
  0x0000021ea0ef1000 JavaThread "Service Thread" daemon [_thread_blocked, id=660, stack(0x000000c575100000,0x000000c575200000)]
  0x0000021ea0ef5800 JavaThread "C2 CompilerThread0" daemon [_thread_in_native, id=2832, stack(0x000000c575200000,0x000000c575300000)]
  0x0000021ea0ef8800 JavaThread "C1 CompilerThread0" daemon [_thread_blocked, id=1644, stack(0x000000c575300000,0x000000c575400000)]
  0x0000021ea1062000 JavaThread "Sweeper thread" daemon [_thread_blocked, id=1680, stack(0x000000c575400000,0x000000c575500000)]
  0x0000021ea1155800 JavaThread "Common-Cleaner" daemon [_thread_blocked, id=3208, stack(0x000000c575500000,0x000000c575600000)]
  0x0000021ea2506000 JavaThread "Daemon health stats" [_thread_blocked, id=3212, stack(0x000000c575800000,0x000000c575900000)]
  0x0000021ea2ae4800 JavaThread "Incoming local TCP Connector on port 49741" [_thread_in_native, id=4184, stack(0x000000c575900000,0x000000c575a00000)]
  0x0000021ea243b800 JavaThread "Daemon" [_thread_blocked, id=4976, stack(0x000000c575a00000,0x000000c575b00000)]
  0x0000021ea12ea800 JavaThread "Daemon periodic checks" [_thread_blocked, id=2528, stack(0x000000c575b00000,0x000000c575c00000)]
  0x0000021ea1366800 JavaThread "Daemon worker" [_thread_blocked, id=3440, stack(0x000000c575e00000,0x000000c575f00000)]
  0x0000021ea26bc800 JavaThread "Cache worker for journal cache (C:\Users\EPHRAIN\.gradle\caches\journal-1)" [_thread_blocked, id=2040, stack(0x000000c576200000,0x000000c576300000)]
  0x0000021ea26bd800 JavaThread "File lock request listener" [_thread_in_native, id=4980, stack(0x000000c576300000,0x000000c576400000)]
  0x0000021ea26be800 JavaThread "Cache worker for file hash cache (C:\Users\EPHRAIN\.gradle\caches\7.3.3\fileHashes)" [_thread_blocked, id=3016, stack(0x000000c576400000,0x000000c576500000)]
  0x0000021ea26c1000 JavaThread "Cache worker for execution history cache (C:\Users\EPHRAIN\.gradle\caches\7.3.3\executionHistory)" [_thread_blocked, id=3048, stack(0x000000c576900000,0x000000c576a00000)]
  0x0000021ea3877000 JavaThread "jar transforms" [_thread_blocked, id=3944, stack(0x000000c576a00000,0x000000c576b00000)]
  0x0000021ea3879800 JavaThread "jar transforms Thread 2" [_thread_blocked, id=3388, stack(0x000000c576b00000,0x000000c576c00000)]
  0x0000021ea3878800 JavaThread "Cache worker for file content cache (C:\Users\EPHRAIN\.gradle\caches\7.3.3\fileContent)" [_thread_blocked, id=3188, stack(0x000000c576c00000,0x000000c576d00000)]
  0x0000021ea387c000 JavaThread "Handler for socket connection from /127.0.0.1:49741 to /127.0.0.1:49751" [_thread_in_native, id=2368, stack(0x000000c577000000,0x000000c577100000)]
  0x0000021ea387a800 JavaThread "Cancel handler" [_thread_blocked, id=2756, stack(0x000000c577100000,0x000000c577200000)]
  0x0000021ea3876800 JavaThread "Asynchronous log dispatcher for DefaultDaemonConnection: socket connection from /127.0.0.1:49741 to /127.0.0.1:49751" [_thread_blocked, id=3540, stack(0x000000c577200000,0x000000c577300000)]
  0x0000021ea387e800 JavaThread "Stdin handler" [_thread_blocked, id=3488, stack(0x000000c577300000,0x000000c577400000)]
  0x0000021ea3881800 JavaThread "Daemon client event forwarder" [_thread_blocked, id=4764, stack(0x000000c577400000,0x000000c577500000)]
  0x0000021ea3882800 JavaThread "Cache worker for file hash cache (C:\Users\EPHRAIN\React-Native-Apps\testApp\android\.gradle\7.3.3\fileHashes)" [_thread_blocked, id=3292, stack(0x000000c577500000,0x000000c577600000)]
  0x0000021ea387f800 JavaThread "Cache worker for checksums cache (C:\Users\EPHRAIN\React-Native-Apps\testApp\android\.gradle\7.3.3\checksums)" [_thread_blocked, id=2056, stack(0x000000c577600000,0x000000c577700000)]
  0x0000021ea3881000 JavaThread "Cache worker for cache directory md-supplier (C:\Users\EPHRAIN\.gradle\caches\7.3.3\md-supplier)" [_thread_blocked, id=2068, stack(0x000000c577700000,0x000000c577800000)]
  0x0000021ea387d000 JavaThread "Cache worker for cache directory md-rule (C:\Users\EPHRAIN\.gradle\caches\7.3.3\md-rule)" [_thread_blocked, id=3396, stack(0x000000c577800000,0x000000c577900000)]
  0x0000021ea3880000 JavaThread "Cache worker for kotlin-dsl (C:\Users\EPHRAIN\.gradle\caches\7.3.3\kotlin-dsl)" [_thread_blocked, id=648, stack(0x000000c577900000,0x000000c577a00000)]
  0x0000021ea3883800 JavaThread "Cache worker for dependencies-accessors (C:\Users\EPHRAIN\React-Native-Apps\testApp\android\.gradle\7.3.3\dependencies-accessors)" [_thread_blocked, id=4164, stack(0x000000c577a00000,0x000000c577b00000)]
  0x0000021ea387d800 JavaThread "Cache worker for Build Output Cleanup Cache (C:\Users\EPHRAIN\React-Native-Apps\testApp\node_modules\react-native-gradle-plugin\.gradle\buildOutputCleanup)" [_thread_blocked, id=3304, stack(0x000000c577b00000,0x000000c577c00000)]
  0x0000021ea3884000 JavaThread "Unconstrained build operations" [_thread_blocked, id=3316, stack(0x000000c577c00000,0x000000c577d00000)]
  0x0000021ea3885000 JavaThread "Unconstrained build operations Thread 2" [_thread_blocked, id=1900, stack(0x000000c577d00000,0x000000c577e00000)]
  0x0000021ea26bf000 JavaThread "Unconstrained build operations Thread 3" [_thread_blocked, id=1360, stack(0x000000c577e00000,0x000000c577f00000)]
  0x0000021ea26bb000 JavaThread "Unconstrained build operations Thread 4" [_thread_blocked, id=856, stack(0x000000c577f00000,0x000000c578000000)]
  0x0000021ea26ba800 JavaThread "Unconstrained build operations Thread 5" [_thread_blocked, id=2572, stack(0x000000c578000000,0x000000c578100000)]
  0x0000021ea26bc000 JavaThread "Unconstrained build operations Thread 6" [_thread_blocked, id=1784, stack(0x000000c578100000,0x000000c578200000)]
  0x0000021ea26c0000 JavaThread "Unconstrained build operations Thread 7" [_thread_blocked, id=2372, stack(0x000000c578200000,0x000000c578300000)]
  0x0000021ea327f800 JavaThread "Unconstrained build operations Thread 8" [_thread_blocked, id=2404, stack(0x000000c578300000,0x000000c578400000)]
  0x0000021ea327e000 JavaThread "Unconstrained build operations Thread 9" [_thread_blocked, id=2432, stack(0x000000c578400000,0x000000c578500000)]
  0x0000021ea3282000 JavaThread "Unconstrained build operations Thread 10" [_thread_blocked, id=2428, stack(0x000000c578500000,0x000000c578600000)]
  0x0000021ea3280800 JavaThread "Unconstrained build operations Thread 11" [_thread_blocked, id=1908, stack(0x000000c578600000,0x000000c578700000)]
  0x0000021ea327e800 JavaThread "Unconstrained build operations Thread 12" [_thread_blocked, id=1968, stack(0x000000c578700000,0x000000c578800000)]
  0x0000021ea3281000 JavaThread "Unconstrained build operations Thread 13" [_thread_blocked, id=1400, stack(0x000000c578800000,0x000000c578900000)]
  0x0000021ea3283000 JavaThread "Unconstrained build operations Thread 14" [_thread_blocked, id=3448, stack(0x000000c578900000,0x000000c578a00000)]
  0x0000021ea327d000 JavaThread "Unconstrained build operations Thread 15" [_thread_blocked, id=3996, stack(0x000000c578a00000,0x000000c578b00000)]
  0x0000021ea3284800 JavaThread "Unconstrained build operations Thread 16" [_thread_blocked, id=5376, stack(0x000000c578b00000,0x000000c578c00000)]
  0x0000021ea3283800 JavaThread "Unconstrained build operations Thread 17" [_thread_blocked, id=2800, stack(0x000000c578c00000,0x000000c578d00000)]
  0x0000021ea3287000 JavaThread "Unconstrained build operations Thread 18" [_thread_blocked, id=2464, stack(0x000000c578d00000,0x000000c578e00000)]
  0x0000021ea3287800 JavaThread "Unconstrained build operations Thread 19" [_thread_blocked, id=3860, stack(0x000000c578e00000,0x000000c578f00000)]
  0x0000021ea3288800 JavaThread "Unconstrained build operations Thread 20" [_thread_blocked, id=5540, stack(0x000000c578f00000,0x000000c579000000)]
  0x0000021ea3289800 JavaThread "build event listener" [_thread_blocked, id=4796, stack(0x000000c579000000,0x000000c579100000)]
  0x0000021ea328a000 JavaThread "Memory manager" [_thread_blocked, id=3152, stack(0x000000c579100000,0x000000c579200000)]
  0x0000021ea328b000 JavaThread "Cache worker for Build Output Cleanup Cache (C:\Users\EPHRAIN\React-Native-Apps\testApp\android\.gradle\buildOutputCleanup)" [_thread_blocked, id=2804, stack(0x000000c579200000,0x000000c579300000)]
  0x0000021ea3286000 JavaThread "Cache worker for execution history cache (C:\Users\EPHRAIN\React-Native-Apps\testApp\node_modules\react-native-gradle-plugin\.gradle\7.3.3\executionHistory)" [_thread_blocked, id=6060, stack(0x000000c579500000,0x000000c579600000)]

Other Threads:
  0x0000021ea0e8b800 VMThread "VM Thread" [stack: 0x000000c574c00000,0x000000c574d00000] [id=3924]
  0x0000021ea1177000 WatcherThread [stack: 0x000000c575600000,0x000000c575700000] [id=3296]
  0x0000021e85012800 GCTaskThread "GC Thread#0" [stack: 0x000000c574700000,0x000000c574800000] [id=4432]
  0x0000021ea137b000 GCTaskThread "GC Thread#1" [stack: 0x000000c575700000,0x000000c575800000] [id=2052]
  0x0000021e85045800 ConcurrentGCThread "G1 Main Marker" [stack: 0x000000c574800000,0x000000c574900000] [id=4712]
=>0x0000021e85049000 ConcurrentGCThread "G1 Conc#0" [stack: 0x000000c574900000,0x000000c574a00000] [id=1696]
  0x0000021e85087800 ConcurrentGCThread "G1 Refine#0" [stack: 0x000000c574a00000,0x000000c574b00000] [id=2896]
  0x0000021e85088800 ConcurrentGCThread "G1 Young RemSet Sampling" [stack: 0x000000c574b00000,0x000000c574c00000] [id=1004]

Threads with active compile tasks:
C2 CompilerThread0 218510 10923       4       groovyjarjarantlr4.v4.runtime.atn.PredictionContext::getCachedContext (297 bytes)

VM state:not at safepoint (normal execution)

VM Mutex/Monitor currently owned by a thread:  ([mutex/lock_event])
[0x0000021e84ff7e90] Heap_lock - owner thread: 0x0000021ea1366800

Heap address: 0x0000000080000000, size: 2048 MB, Compressed Oops mode: 32-bit
Narrow klass base: 0x0000000000000000, Narrow klass shift: 3
Compressed class space size: 528482304 Address: 0x0000000100000000

Heap:
 garbage-first heap   total 146432K, used 123882K [0x0000000080000000, 0x0000000100000000)
  region size 1024K, 56 young (57344K), 4 survivors (4096K)
 Metaspace       used 82754K, capacity 85102K, committed 85328K, reserved 589824K
  class space    used 10639K, capacity 11551K, committed 11648K, reserved 516096K
Heap Regions: E=young(eden), S=young(survivor), O=old, HS=humongous(starts), HC=humongous(continues), CS=collection set, F=free, A=archive, TAMS=top-at-mark-start (previous, next)
|   0|0x0000000080000000, 0x0000000080100000, 0x0000000080100000|100%| O|  |TAMS 0x0000000080100000, 0x0000000080100000| Untracked 
|   1|0x0000000080100000, 0x0000000080200000, 0x0000000080200000|100%| O|  |TAMS 0x0000000080200000, 0x0000000080200000| Untracked 
|   2|0x0000000080200000, 0x0000000080300000, 0x0000000080300000|100%| O|  |TAMS 0x0000000080300000, 0x0000000080300000| Untracked 
|   3|0x0000000080300000, 0x0000000080400000, 0x0000000080400000|100%| O|  |TAMS 0x0000000080400000, 0x0000000080400000| Untracked 
|   4|0x0000000080400000, 0x0000000080500000, 0x0000000080500000|100%|HS|  |TAMS 0x0000000080500000, 0x0000000080500000| Complete 
|   5|0x0000000080500000, 0x0000000080600000, 0x0000000080600000|100%|HC|  |TAMS 0x0000000080600000, 0x0000000080600000| Complete 
|   6|0x0000000080600000, 0x0000000080700000, 0x0000000080700000|100%|HC|  |TAMS 0x0000000080700000, 0x0000000080700000| Complete 
|   7|0x0000000080700000, 0x0000000080800000, 0x0000000080800000|100%| O|  |TAMS 0x0000000080800000, 0x0000000080800000| Untracked 
|   8|0x0000000080800000, 0x0000000080900000, 0x0000000080900000|100%| O|  |TAMS 0x0000000080900000, 0x0000000080900000| Untracked 
|   9|0x0000000080900000, 0x0000000080a00000, 0x0000000080a00000|100%| O|  |TAMS 0x0000000080a00000, 0x0000000080a00000| Untracked 
|  10|0x0000000080a00000, 0x0000000080b00000, 0x0000000080b00000|100%| O|  |TAMS 0x0000000080b00000, 0x0000000080b00000| Untracked 
|  11|0x0000000080b00000, 0x0000000080c00000, 0x0000000080c00000|100%| O|  |TAMS 0x0000000080c00000, 0x0000000080c00000| Untracked 
|  12|0x0000000080c00000, 0x0000000080d00000, 0x0000000080d00000|100%| O|  |TAMS 0x0000000080d00000, 0x0000000080d00000| Untracked 
|  13|0x0000000080d00000, 0x0000000080e00000, 0x0000000080e00000|100%| O|  |TAMS 0x0000000080e00000, 0x0000000080e00000| Untracked 
|  14|0x0000000080e00000, 0x0000000080f00000, 0x0000000080f00000|100%| O|  |TAMS 0x0000000080f00000, 0x0000000080f00000| Untracked 
|  15|0x0000000080f00000, 0x0000000081000000, 0x0000000081000000|100%| O|  |TAMS 0x0000000081000000, 0x0000000081000000| Untracked 
|  16|0x0000000081000000, 0x0000000081100000, 0x0000000081100000|100%| O|  |TAMS 0x0000000081100000, 0x0000000081100000| Untracked 
|  17|0x0000000081100000, 0x0000000081200000, 0x0000000081200000|100%| O|  |TAMS 0x0000000081200000, 0x0000000081200000| Untracked 
|  18|0x0000000081200000, 0x0000000081300000, 0x0000000081300000|100%| O|  |TAMS 0x0000000081300000, 0x0000000081300000| Untracked 
|  19|0x0000000081300000, 0x0000000081400000, 0x0000000081400000|100%| O|  |TAMS 0x0000000081400000, 0x0000000081400000| Untracked 
|  20|0x0000000081400000, 0x0000000081500000, 0x0000000081500000|100%| O|  |TAMS 0x0000000081500000, 0x0000000081500000| Untracked 
|  21|0x0000000081500000, 0x0000000081600000, 0x0000000081600000|100%| O|  |TAMS 0x0000000081600000, 0x0000000081600000| Untracked 
|  22|0x0000000081600000, 0x0000000081700000, 0x0000000081700000|100%| O|  |TAMS 0x0000000081700000, 0x0000000081700000| Untracked 
|  23|0x0000000081700000, 0x0000000081800000, 0x0000000081800000|100%| O|  |TAMS 0x0000000081800000, 0x0000000081800000| Untracked 
|  24|0x0000000081800000, 0x0000000081900000, 0x0000000081900000|100%| O|  |TAMS 0x0000000081900000, 0x0000000081900000| Untracked 
|  25|0x0000000081900000, 0x0000000081a00000, 0x0000000081a00000|100%| O|  |TAMS 0x0000000081a00000, 0x0000000081a00000| Untracked 
|  26|0x0000000081a00000, 0x0000000081b00000, 0x0000000081b00000|100%| O|  |TAMS 0x0000000081b00000, 0x0000000081b00000| Untracked 
|  27|0x0000000081b00000, 0x0000000081c00000, 0x0000000081c00000|100%| O|  |TAMS 0x0000000081c00000, 0x0000000081c00000| Untracked 
|  28|0x0000000081c00000, 0x0000000081d00000, 0x0000000081d00000|100%| O|  |TAMS 0x0000000081d00000, 0x0000000081d00000| Untracked 
|  29|0x0000000081d00000, 0x0000000081e00000, 0x0000000081e00000|100%| O|  |TAMS 0x0000000081e00000, 0x0000000081e00000| Untracked 
|  30|0x0000000081e00000, 0x0000000081f00000, 0x0000000081f00000|100%| O|  |TAMS 0x0000000081f00000, 0x0000000081f00000| Untracked 
|  31|0x0000000081f00000, 0x0000000082000000, 0x0000000082000000|100%|HS|  |TAMS 0x0000000082000000, 0x0000000082000000| Complete 
|  32|0x0000000082000000, 0x0000000082100000, 0x0000000082100000|100%| O|  |TAMS 0x0000000082100000, 0x0000000082100000| Untracked 
|  33|0x0000000082100000, 0x0000000082200000, 0x0000000082200000|100%|HS|  |TAMS 0x0000000082200000, 0x0000000082200000| Complete 
|  34|0x0000000082200000, 0x0000000082300000, 0x0000000082300000|100%|HC|  |TAMS 0x0000000082300000, 0x0000000082300000| Complete 
|  35|0x0000000082300000, 0x0000000082400000, 0x0000000082400000|100%|HC|  |TAMS 0x0000000082400000, 0x0000000082400000| Complete 
|  36|0x0000000082400000, 0x0000000082500000, 0x0000000082500000|100%| O|  |TAMS 0x0000000082500000, 0x0000000082500000| Untracked 
|  37|0x0000000082500000, 0x0000000082600000, 0x0000000082600000|100%| O|  |TAMS 0x0000000082600000, 0x0000000082600000| Untracked 
|  38|0x0000000082600000, 0x0000000082700000, 0x0000000082700000|100%| O|  |TAMS 0x0000000082700000, 0x0000000082700000| Untracked 
|  39|0x0000000082700000, 0x0000000082800000, 0x0000000082800000|100%| O|  |TAMS 0x0000000082800000, 0x0000000082800000| Untracked 
|  40|0x0000000082800000, 0x0000000082900000, 0x0000000082900000|100%| O|  |TAMS 0x0000000082900000, 0x0000000082900000| Untracked 
|  41|0x0000000082900000, 0x0000000082a00000, 0x0000000082a00000|100%| O|  |TAMS 0x0000000082a00000, 0x0000000082a00000| Untracked 
|  42|0x0000000082a00000, 0x0000000082b00000, 0x0000000082b00000|100%| O|  |TAMS 0x0000000082b00000, 0x0000000082b00000| Untracked 
|  43|0x0000000082b00000, 0x0000000082c00000, 0x0000000082c00000|100%| O|  |TAMS 0x0000000082c00000, 0x0000000082c00000| Untracked 
|  44|0x0000000082c00000, 0x0000000082d00000, 0x0000000082d00000|100%| O|  |TAMS 0x0000000082d00000, 0x0000000082d00000| Untracked 
|  45|0x0000000082d00000, 0x0000000082e00000, 0x0000000082e00000|100%| O|  |TAMS 0x0000000082e00000, 0x0000000082e00000| Untracked 
|  46|0x0000000082e00000, 0x0000000082f00000, 0x0000000082f00000|100%| O|  |TAMS 0x0000000082f00000, 0x0000000082f00000| Untracked 
|  47|0x0000000082f00000, 0x0000000083000000, 0x0000000083000000|100%| O|  |TAMS 0x0000000083000000, 0x0000000083000000| Untracked 
|  48|0x0000000083000000, 0x0000000083100000, 0x0000000083100000|100%| O|  |TAMS 0x0000000083100000, 0x0000000083100000| Untracked 
|  49|0x0000000083100000, 0x0000000083200000, 0x0000000083200000|100%| O|  |TAMS 0x0000000083200000, 0x0000000083200000| Untracked 
|  50|0x0000000083200000, 0x0000000083300000, 0x0000000083300000|100%| O|  |TAMS 0x0000000083300000, 0x0000000083300000| Untracked 
|  51|0x0000000083300000, 0x0000000083400000, 0x0000000083400000|100%| O|  |TAMS 0x0000000083400000, 0x0000000083400000| Untracked 
|  52|0x0000000083400000, 0x0000000083500000, 0x0000000083500000|100%| O|  |TAMS 0x0000000083500000, 0x0000000083500000| Untracked 
|  53|0x0000000083500000, 0x0000000083600000, 0x0000000083600000|100%|HS|  |TAMS 0x0000000083500000, 0x0000000083600000| Complete 
|  54|0x0000000083600000, 0x0000000083700000, 0x0000000083700000|100%| O|  |TAMS 0x00000000836e3000, 0x0000000083700000| Untracked 
|  55|0x0000000083700000, 0x0000000083800000, 0x0000000083800000|100%|HS|  |TAMS 0x0000000083700000, 0x0000000083800000| Complete 
|  56|0x0000000083800000, 0x0000000083900000, 0x0000000083900000|100%|HS|  |TAMS 0x0000000083800000, 0x0000000083900000| Complete 
|  57|0x0000000083900000, 0x0000000083a00000, 0x0000000083a00000|100%|HC|  |TAMS 0x0000000083900000, 0x0000000083a00000| Complete 
|  58|0x0000000083a00000, 0x0000000083b00000, 0x0000000083b00000|100%| O|  |TAMS 0x0000000083a00000, 0x0000000083b00000| Untracked 
|  59|0x0000000083b00000, 0x0000000083c00000, 0x0000000083c00000|100%| O|  |TAMS 0x0000000083b00000, 0x0000000083c00000| Untracked 
|  60|0x0000000083c00000, 0x0000000083d00000, 0x0000000083d00000|100%| O|  |TAMS 0x0000000083c00000, 0x0000000083d00000| Untracked 
|  61|0x0000000083d00000, 0x0000000083e00000, 0x0000000083e00000|100%| O|  |TAMS 0x0000000083d00000, 0x0000000083e00000| Untracked 
|  62|0x0000000083e00000, 0x0000000083f00000, 0x0000000083f00000|100%| O|  |TAMS 0x0000000083e00000, 0x0000000083f00000| Untracked 
|  63|0x0000000083f00000, 0x0000000084000000, 0x0000000084000000|100%| O|  |TAMS 0x0000000083f00000, 0x0000000084000000| Untracked 
|  64|0x0000000084000000, 0x0000000084100000, 0x0000000084100000|100%| O|  |TAMS 0x0000000084000000, 0x0000000084100000| Untracked 
|  65|0x0000000084100000, 0x0000000084100000, 0x0000000084200000|  0%| F|  |TAMS 0x0000000084100000, 0x0000000084100000| Untracked 
|  66|0x0000000084200000, 0x0000000084200000, 0x0000000084300000|  0%| F|  |TAMS 0x0000000084200000, 0x0000000084200000| Untracked 
|  67|0x0000000084300000, 0x0000000084300000, 0x0000000084400000|  0%| F|  |TAMS 0x0000000084300000, 0x0000000084300000| Untracked 
|  68|0x0000000084400000, 0x0000000084400000, 0x0000000084500000|  0%| F|  |TAMS 0x0000000084400000, 0x0000000084400000| Untracked 
|  69|0x0000000084500000, 0x0000000084500000, 0x0000000084600000|  0%| F|  |TAMS 0x0000000084500000, 0x0000000084500000| Untracked 
|  70|0x0000000084600000, 0x0000000084600000, 0x0000000084700000|  0%| F|  |TAMS 0x0000000084600000, 0x0000000084600000| Untracked 
|  71|0x0000000084700000, 0x0000000084700000, 0x0000000084800000|  0%| F|  |TAMS 0x0000000084700000, 0x0000000084700000| Untracked 
|  72|0x0000000084800000, 0x0000000084800000, 0x0000000084900000|  0%| F|  |TAMS 0x0000000084800000, 0x0000000084800000| Untracked 
|  73|0x0000000084900000, 0x00000000849a9e00, 0x0000000084a00000| 66%| O|  |TAMS 0x0000000084900000, 0x00000000849a9e00| Untracked 
|  74|0x0000000084a00000, 0x0000000084a00000, 0x0000000084b00000|  0%| F|  |TAMS 0x0000000084a00000, 0x0000000084a00000| Untracked 
|  75|0x0000000084b00000, 0x0000000084b00000, 0x0000000084c00000|  0%| F|  |TAMS 0x0000000084b00000, 0x0000000084b00000| Untracked 
|  76|0x0000000084c00000, 0x0000000084c00000, 0x0000000084d00000|  0%| F|  |TAMS 0x0000000084c00000, 0x0000000084c00000| Untracked 
|  77|0x0000000084d00000, 0x0000000084d00000, 0x0000000084e00000|  0%| F|  |TAMS 0x0000000084d00000, 0x0000000084d00000| Untracked 
|  78|0x0000000084e00000, 0x0000000084e00000, 0x0000000084f00000|  0%| F|  |TAMS 0x0000000084e00000, 0x0000000084e00000| Untracked 
|  79|0x0000000084f00000, 0x0000000084f00000, 0x0000000085000000|  0%| F|  |TAMS 0x0000000084f00000, 0x0000000084f00000| Untracked 
|  80|0x0000000085000000, 0x0000000085000000, 0x0000000085100000|  0%| F|  |TAMS 0x0000000085000000, 0x0000000085000000| Untracked 
|  81|0x0000000085100000, 0x0000000085100000, 0x0000000085200000|  0%| F|  |TAMS 0x0000000085100000, 0x0000000085100000| Untracked 
|  82|0x0000000085200000, 0x0000000085200000, 0x0000000085300000|  0%| F|  |TAMS 0x0000000085200000, 0x0000000085200000| Untracked 
|  83|0x0000000085300000, 0x0000000085300000, 0x0000000085400000|  0%| F|  |TAMS 0x0000000085300000, 0x0000000085300000| Untracked 
|  84|0x0000000085400000, 0x0000000085450ad8, 0x0000000085500000| 31%| S|CS|TAMS 0x0000000085400000, 0x0000000085400000| Complete 
|  85|0x0000000085500000, 0x0000000085500000, 0x0000000085600000|  0%| F|  |TAMS 0x0000000085500000, 0x0000000085500000| Untracked 
|  86|0x0000000085600000, 0x0000000085600000, 0x0000000085700000|  0%| F|  |TAMS 0x0000000085600000, 0x0000000085600000| Untracked 
|  87|0x0000000085700000, 0x0000000085700000, 0x0000000085800000|  0%| F|  |TAMS 0x0000000085700000, 0x0000000085700000| Untracked 
|  88|0x0000000085800000, 0x0000000085900000, 0x0000000085900000|100%| E|CS|TAMS 0x0000000085800000, 0x0000000085800000| Complete 
|  89|0x0000000085900000, 0x0000000085a00000, 0x0000000085a00000|100%| S|CS|TAMS 0x0000000085900000, 0x0000000085900000| Complete 
|  90|0x0000000085a00000, 0x0000000085b00000, 0x0000000085b00000|100%| S|CS|TAMS 0x0000000085a00000, 0x0000000085a00000| Complete 
|  91|0x0000000085b00000, 0x0000000085c00000, 0x0000000085c00000|100%| S|CS|TAMS 0x0000000085b00000, 0x0000000085b00000| Complete 
|  92|0x0000000085c00000, 0x0000000085d00000, 0x0000000085d00000|100%| E|CS|TAMS 0x0000000085c00000, 0x0000000085c00000| Complete 
|  93|0x0000000085d00000, 0x0000000085e00000, 0x0000000085e00000|100%| E|CS|TAMS 0x0000000085d00000, 0x0000000085d00000| Complete 
|  94|0x0000000085e00000, 0x0000000085f00000, 0x0000000085f00000|100%| E|CS|TAMS 0x0000000085e00000, 0x0000000085e00000| Complete 
|  95|0x0000000085f00000, 0x0000000086000000, 0x0000000086000000|100%| E|CS|TAMS 0x0000000085f00000, 0x0000000085f00000| Complete 
|  96|0x0000000086000000, 0x0000000086100000, 0x0000000086100000|100%| E|CS|TAMS 0x0000000086000000, 0x0000000086000000| Complete 
|  97|0x0000000086100000, 0x0000000086200000, 0x0000000086200000|100%| E|CS|TAMS 0x0000000086100000, 0x0000000086100000| Complete 
|  98|0x0000000086200000, 0x0000000086300000, 0x0000000086300000|100%| E|CS|TAMS 0x0000000086200000, 0x0000000086200000| Complete 
|  99|0x0000000086300000, 0x0000000086400000, 0x0000000086400000|100%| E|CS|TAMS 0x0000000086300000, 0x0000000086300000| Complete 
| 100|0x0000000086400000, 0x0000000086500000, 0x0000000086500000|100%| E|CS|TAMS 0x0000000086400000, 0x0000000086400000| Complete 
| 101|0x0000000086500000, 0x0000000086600000, 0x0000000086600000|100%| E|CS|TAMS 0x0000000086500000, 0x0000000086500000| Complete 
| 102|0x0000000086600000, 0x0000000086700000, 0x0000000086700000|100%| E|CS|TAMS 0x0000000086600000, 0x0000000086600000| Complete 
| 103|0x0000000086700000, 0x0000000086800000, 0x0000000086800000|100%| E|CS|TAMS 0x0000000086700000, 0x0000000086700000| Complete 
| 104|0x0000000086800000, 0x0000000086900000, 0x0000000086900000|100%| E|CS|TAMS 0x0000000086800000, 0x0000000086800000| Complete 
| 105|0x0000000086900000, 0x0000000086a00000, 0x0000000086a00000|100%| E|CS|TAMS 0x0000000086900000, 0x0000000086900000| Complete 
| 106|0x0000000086a00000, 0x0000000086b00000, 0x0000000086b00000|100%| E|CS|TAMS 0x0000000086a00000, 0x0000000086a00000| Complete 
| 107|0x0000000086b00000, 0x0000000086c00000, 0x0000000086c00000|100%| E|CS|TAMS 0x0000000086b00000, 0x0000000086b00000| Complete 
| 108|0x0000000086c00000, 0x0000000086d00000, 0x0000000086d00000|100%| E|CS|TAMS 0x0000000086c00000, 0x0000000086c00000| Complete 
| 109|0x0000000086d00000, 0x0000000086e00000, 0x0000000086e00000|100%| E|CS|TAMS 0x0000000086d00000, 0x0000000086d00000| Complete 
| 110|0x0000000086e00000, 0x0000000086f00000, 0x0000000086f00000|100%| E|CS|TAMS 0x0000000086e00000, 0x0000000086e00000| Complete 
| 111|0x0000000086f00000, 0x0000000087000000, 0x0000000087000000|100%| E|CS|TAMS 0x0000000086f00000, 0x0000000086f00000| Complete 
| 112|0x0000000087000000, 0x0000000087100000, 0x0000000087100000|100%| E|CS|TAMS 0x0000000087000000, 0x0000000087000000| Complete 
| 113|0x0000000087100000, 0x0000000087200000, 0x0000000087200000|100%| E|CS|TAMS 0x0000000087100000, 0x0000000087100000| Complete 
| 114|0x0000000087200000, 0x0000000087300000, 0x0000000087300000|100%| E|CS|TAMS 0x0000000087200000, 0x0000000087200000| Complete 
| 115|0x0000000087300000, 0x0000000087400000, 0x0000000087400000|100%| E|CS|TAMS 0x0000000087300000, 0x0000000087300000| Complete 
| 116|0x0000000087400000, 0x0000000087500000, 0x0000000087500000|100%| E|CS|TAMS 0x0000000087400000, 0x0000000087400000| Complete 
| 117|0x0000000087500000, 0x0000000087600000, 0x0000000087600000|100%| E|CS|TAMS 0x0000000087500000, 0x0000000087500000| Complete 
| 118|0x0000000087600000, 0x0000000087700000, 0x0000000087700000|100%| E|CS|TAMS 0x0000000087600000, 0x0000000087600000| Complete 
| 119|0x0000000087700000, 0x0000000087800000, 0x0000000087800000|100%| E|CS|TAMS 0x0000000087700000, 0x0000000087700000| Complete 
| 120|0x0000000087800000, 0x0000000087900000, 0x0000000087900000|100%| E|CS|TAMS 0x0000000087800000, 0x0000000087800000| Complete 
| 121|0x0000000087900000, 0x0000000087a00000, 0x0000000087a00000|100%| E|CS|TAMS 0x0000000087900000, 0x0000000087900000| Complete 
| 122|0x0000000087a00000, 0x0000000087b00000, 0x0000000087b00000|100%| E|CS|TAMS 0x0000000087a00000, 0x0000000087a00000| Complete 
| 123|0x0000000087b00000, 0x0000000087c00000, 0x0000000087c00000|100%| E|CS|TAMS 0x0000000087b00000, 0x0000000087b00000| Complete 
| 124|0x0000000087c00000, 0x0000000087d00000, 0x0000000087d00000|100%| E|CS|TAMS 0x0000000087c00000, 0x0000000087c00000| Complete 
| 125|0x0000000087d00000, 0x0000000087e00000, 0x0000000087e00000|100%| E|CS|TAMS 0x0000000087d00000, 0x0000000087d00000| Complete 
| 126|0x0000000087e00000, 0x0000000087f00000, 0x0000000087f00000|100%| E|CS|TAMS 0x0000000087e00000, 0x0000000087e00000| Complete 
| 127|0x0000000087f00000, 0x0000000088000000, 0x0000000088000000|100%| E|CS|TAMS 0x0000000087f00000, 0x0000000087f00000| Complete 
| 128|0x0000000088000000, 0x0000000088100000, 0x0000000088100000|100%| E|CS|TAMS 0x0000000088000000, 0x0000000088000000| Complete 
| 129|0x0000000088100000, 0x0000000088200000, 0x0000000088200000|100%| E|CS|TAMS 0x0000000088100000, 0x0000000088100000| Complete 
| 130|0x0000000088200000, 0x0000000088300000, 0x0000000088300000|100%| E|CS|TAMS 0x0000000088200000, 0x0000000088200000| Complete 
| 131|0x0000000088300000, 0x0000000088400000, 0x0000000088400000|100%| E|CS|TAMS 0x0000000088300000, 0x0000000088300000| Complete 
| 132|0x0000000088400000, 0x0000000088500000, 0x0000000088500000|100%| E|CS|TAMS 0x0000000088400000, 0x0000000088400000| Complete 
| 133|0x0000000088500000, 0x0000000088600000, 0x0000000088600000|100%| E|CS|TAMS 0x0000000088500000, 0x0000000088500000| Complete 
| 134|0x0000000088600000, 0x0000000088700000, 0x0000000088700000|100%| E|CS|TAMS 0x0000000088600000, 0x0000000088600000| Complete 
| 135|0x0000000088700000, 0x0000000088800000, 0x0000000088800000|100%| E|CS|TAMS 0x0000000088700000, 0x0000000088700000| Complete 
| 136|0x0000000088800000, 0x0000000088900000, 0x0000000088900000|100%| E|CS|TAMS 0x0000000088800000, 0x0000000088800000| Complete 
| 137|0x0000000088900000, 0x0000000088a00000, 0x0000000088a00000|100%| E|CS|TAMS 0x0000000088900000, 0x0000000088900000| Complete 
| 138|0x0000000088a00000, 0x0000000088b00000, 0x0000000088b00000|100%| E|CS|TAMS 0x0000000088a00000, 0x0000000088a00000| Complete 
| 139|0x0000000088b00000, 0x0000000088c00000, 0x0000000088c00000|100%| E|CS|TAMS 0x0000000088b00000, 0x0000000088b00000| Complete 
| 140|0x0000000088c00000, 0x0000000088d00000, 0x0000000088d00000|100%| E|CS|TAMS 0x0000000088c00000, 0x0000000088c00000| Complete 
| 141|0x0000000088d00000, 0x0000000088e00000, 0x0000000088e00000|100%| E|CS|TAMS 0x0000000088d00000, 0x0000000088d00000| Complete 
| 142|0x0000000088e00000, 0x0000000088f00000, 0x0000000088f00000|100%| E|CS|TAMS 0x0000000088e00000, 0x0000000088e00000| Complete 

Card table byte_map: [0x0000021e99ad0000,0x0000021e99ed0000] _byte_map_base: 0x0000021e996d0000

Marking Bits (Prev, Next): (CMBitMap*) 0x0000021e8503c968, (CMBitMap*) 0x0000021e8503c9a0
 Prev Bits: [0x0000021e9a2d0000, 0x0000021e9c2d0000)
 Next Bits: [0x0000021e9c2d0000, 0x0000021e9e2d0000)

Polling page: 0x0000021e850d0000

Metaspace:

Usage:
  Non-class:     71.83 MB capacity,    70.43 MB ( 98%) used,     1.17 MB (  2%) free+waste,   237.19 KB ( <1%) overhead. 
      Class:     11.28 MB capacity,    10.39 MB ( 92%) used,   801.08 KB (  7%) free+waste,   110.63 KB ( <1%) overhead. 
       Both:     83.11 MB capacity,    80.82 MB ( 97%) used,     1.95 MB (  2%) free+waste,   347.81 KB ( <1%) overhead. 

Virtual space:
  Non-class space:       72.00 MB reserved,      71.95 MB (>99%) committed 
      Class space:      504.00 MB reserved,      11.38 MB (  2%) committed 
             Both:      576.00 MB reserved,      83.33 MB ( 14%) committed 

Chunk freelists:
   Non-Class:  1.00 KB
       Class:  1.00 KB
        Both:  2.00 KB

MaxMetaspaceSize: 512.00 MB
CompressedClassSpaceSize: 504.00 MB

CodeHeap 'non-profiled nmethods': size=120064Kb used=8525Kb max_used=8525Kb free=111538Kb
 bounds [0x0000021e91d90000, 0x0000021e925f0000, 0x0000021e992d0000]
CodeHeap 'profiled nmethods': size=120000Kb used=25400Kb max_used=25400Kb free=94599Kb
 bounds [0x0000021e8a860000, 0x0000021e8c130000, 0x0000021e91d90000]
CodeHeap 'non-nmethods': size=5696Kb used=2290Kb max_used=2333Kb free=3405Kb
 bounds [0x0000021e8a2d0000, 0x0000021e8a540000, 0x0000021e8a860000]
 total_blobs=11802 nmethods=10885 adapters=829
 compilation: enabled
              stopped_count=0, restarted_count=0
 full_count=0

Compilation events (20 events):
Event: 217.693 Thread 0x0000021ea0ef8800 10957       2       groovyjarjarantlr4.v4.runtime.atn.PredicateTransition::getPredicate (20 bytes)
Event: 217.693 Thread 0x0000021ea0ef8800 nmethod 10957 0x0000021e8c122710 code [0x0000021e8c1228c0, 0x0000021e8c122a38]
Event: 217.693 Thread 0x0000021ea0ef8800 10958       2       groovyjarjarantlr4.v4.runtime.atn.SemanticContext$Predicate::<init> (20 bytes)
Event: 217.693 Thread 0x0000021ea0ef8800 nmethod 10958 0x0000021e8c122b10 code [0x0000021e8c122cc0, 0x0000021e8c122db8]
Event: 217.710 Thread 0x0000021ea0ef8800 10960   !   2       groovyjarjarantlr4.v4.runtime.dfa.HashEdgeMap::<init> (141 bytes)
Event: 217.711 Thread 0x0000021ea0ef8800 nmethod 10960 0x0000021e8c122e90 code [0x0000021e8c1230e0, 0x0000021e8c123a38]
Event: 217.730 Thread 0x0000021ea0ef8800 10961       2       groovyjarjarantlr4.v4.runtime.atn.SemanticContext::and (54 bytes)
Event: 217.730 Thread 0x0000021ea0ef8800 nmethod 10961 0x0000021e8c124310 code [0x0000021e8c1244e0, 0x0000021e8c1246e8]
Event: 217.738 Thread 0x0000021ea0ef8800 10962       2       groovyjarjarantlr4.v4.runtime.atn.ParserATNSimulator::computeStartState (710 bytes)
Event: 217.742 Thread 0x0000021ea0ef8800 nmethod 10962 0x0000021e8c124810 code [0x0000021e8c124ca0, 0x0000021e8c126a88]
Event: 217.757 Thread 0x0000021ea0ef8800 10965       2       java.util.HashMap$TreeNode::treeify (221 bytes)
Event: 217.758 Thread 0x0000021ea0ef8800 nmethod 10965 0x0000021e8c128190 code [0x0000021e8c1283a0, 0x0000021e8c1289c8]
Event: 217.882 Thread 0x0000021ea0ef5800 nmethod 10829 0x0000021e925cd310 code [0x0000021e925cd920, 0x0000021e925d47a0]
Event: 217.882 Thread 0x0000021ea0ef5800 10950       4       groovyjarjarantlr4.v4.runtime.atn.ParserATNSimulator::closure (784 bytes)
Event: 218.032 Thread 0x0000021ea0ef8800 10968       2       jdk.internal.misc.Unsafe::getAndSetObject (24 bytes)
Event: 218.032 Thread 0x0000021ea0ef8800 nmethod 10968 0x0000021e8c128d10 code [0x0000021e8c128ec0, 0x0000021e8c129118]
Event: 218.070 Thread 0x0000021ea0ef8800 10970       2       groovyjarjarantlr4.v4.runtime.misc.IntegerStack::push (6 bytes)
Event: 218.070 Thread 0x0000021ea0ef8800 nmethod 10970 0x0000021e8c129210 code [0x0000021e8c1293c0, 0x0000021e8c1294c8]
Event: 218.078 Thread 0x0000021ea0ef8800 10971       2       groovyjarjarantlr4.v4.runtime.dfa.SingletonEdgeMap::put (95 bytes)
Event: 218.078 Thread 0x0000021ea0ef8800 nmethod 10971 0x0000021e8c129590 code [0x0000021e8c1297a0, 0x0000021e8c129d58]

GC Heap History (20 events):
Event: 204.172 GC heap before
{Heap before GC invocations=157 (full 0):
 garbage-first heap   total 146432K, used 126114K [0x0000000080000000, 0x0000000100000000)
  region size 1024K, 70 young (71680K), 1 survivors (1024K)
 Metaspace       used 77403K, capacity 79500K, committed 79568K, reserved 585728K
  class space    used 9901K, capacity 10710K, committed 10752K, reserved 516096K
}
Event: 204.175 GC heap after
{Heap after GC invocations=158 (full 0):
 garbage-first heap   total 146432K, used 55486K [0x0000000080000000, 0x0000000100000000)
  region size 1024K, 1 young (1024K), 1 survivors (1024K)
 Metaspace       used 77403K, capacity 79500K, committed 79568K, reserved 585728K
  class space    used 9901K, capacity 10710K, committed 10752K, reserved 516096K
}
Event: 206.323 GC heap before
{Heap before GC invocations=158 (full 0):
 garbage-first heap   total 146432K, used 125118K [0x0000000080000000, 0x0000000100000000)
  region size 1024K, 70 young (71680K), 1 survivors (1024K)
 Metaspace       used 77403K, capacity 79500K, committed 79568K, reserved 585728K
  class space    used 9901K, capacity 10710K, committed 10752K, reserved 516096K
}
Event: 206.329 GC heap after
{Heap after GC invocations=159 (full 0):
 garbage-first heap   total 146432K, used 56934K [0x0000000080000000, 0x0000000100000000)
  region size 1024K, 2 young (2048K), 2 survivors (2048K)
 Metaspace       used 77403K, capacity 79500K, committed 79568K, reserved 585728K
  class space    used 9901K, capacity 10710K, committed 10752K, reserved 516096K
}
Event: 207.548 GC heap before
{Heap before GC invocations=159 (full 0):
 garbage-first heap   total 146432K, used 126566K [0x0000000080000000, 0x0000000100000000)
  region size 1024K, 70 young (71680K), 2 survivors (2048K)
 Metaspace       used 77403K, capacity 79500K, committed 79568K, reserved 585728K
  class space    used 9901K, capacity 10710K, committed 10752K, reserved 516096K
}
Event: 207.551 GC heap after
{Heap after GC invocations=160 (full 0):
 garbage-first heap   total 146432K, used 55646K [0x0000000080000000, 0x0000000100000000)
  region size 1024K, 1 young (1024K), 1 survivors (1024K)
 Metaspace       used 77403K, capacity 79500K, committed 79568K, reserved 585728K
  class space    used 9901K, capacity 10710K, committed 10752K, reserved 516096K
}
Event: 209.953 GC heap before
{Heap before GC invocations=160 (full 0):
 garbage-first heap   total 146432K, used 126302K [0x0000000080000000, 0x0000000100000000)
  region size 1024K, 70 young (71680K), 1 survivors (1024K)
 Metaspace       used 77403K, capacity 79500K, committed 79568K, reserved 585728K
  class space    used 9901K, capacity 10710K, committed 10752K, reserved 516096K
}
Event: 209.956 GC heap after
{Heap after GC invocations=161 (full 0):
 garbage-first heap   total 146432K, used 55412K [0x0000000080000000, 0x0000000100000000)
  region size 1024K, 1 young (1024K), 1 survivors (1024K)
 Metaspace       used 77403K, capacity 79500K, committed 79568K, reserved 585728K
  class space    used 9901K, capacity 10710K, committed 10752K, reserved 516096K
}
Event: 211.683 GC heap before
{Heap before GC invocations=161 (full 0):
 garbage-first heap   total 146432K, used 129140K [0x0000000080000000, 0x0000000100000000)
  region size 1024K, 71 young (72704K), 1 survivors (1024K)
 Metaspace       used 77404K, capacity 79500K, committed 79568K, reserved 585728K
  class space    used 9901K, capacity 10710K, committed 10752K, reserved 516096K
}
Event: 211.687 GC heap after
{Heap after GC invocations=162 (full 0):
 garbage-first heap   total 146432K, used 58159K [0x0000000080000000, 0x0000000100000000)
  region size 1024K, 1 young (1024K), 1 survivors (1024K)
 Metaspace       used 77404K, capacity 79500K, committed 79568K, reserved 585728K
  class space    used 9901K, capacity 10710K, committed 10752K, reserved 516096K
}
Event: 212.705 GC heap before
{Heap before GC invocations=162 (full 0):
 garbage-first heap   total 146432K, used 127791K [0x0000000080000000, 0x0000000100000000)
  region size 1024K, 69 young (70656K), 1 survivors (1024K)
 Metaspace       used 77404K, capacity 79500K, committed 79568K, reserved 585728K
  class space    used 9901K, capacity 10710K, committed 10752K, reserved 516096K
}
Event: 212.710 GC heap after
{Heap after GC invocations=163 (full 0):
 garbage-first heap   total 146432K, used 59127K [0x0000000080000000, 0x0000000100000000)
  region size 1024K, 2 young (2048K), 2 survivors (2048K)
 Metaspace       used 77404K, capacity 79500K, committed 79568K, reserved 585728K
  class space    used 9901K, capacity 10710K, committed 10752K, reserved 516096K
}
Event: 214.283 GC heap before
{Heap before GC invocations=163 (full 0):
 garbage-first heap   total 146432K, used 127735K [0x0000000080000000, 0x0000000100000000)
  region size 1024K, 69 young (70656K), 2 survivors (2048K)
 Metaspace       used 77407K, capacity 79500K, committed 79568K, reserved 585728K
  class space    used 9901K, capacity 10710K, committed 10752K, reserved 516096K
}
Event: 214.285 GC heap after
{Heap after GC invocations=164 (full 0):
 garbage-first heap   total 146432K, used 55534K [0x0000000080000000, 0x0000000100000000)
  region size 1024K, 1 young (1024K), 1 survivors (1024K)
 Metaspace       used 77407K, capacity 79500K, committed 79568K, reserved 585728K
  class space    used 9901K, capacity 10710K, committed 10752K, reserved 516096K
}
Event: 216.698 GC heap before
{Heap before GC invocations=164 (full 0):
 garbage-first heap   total 146432K, used 129262K [0x0000000080000000, 0x0000000100000000)
  region size 1024K, 70 young (71680K), 1 survivors (1024K)
 Metaspace       used 82557K, capacity 84861K, committed 84944K, reserved 589824K
  class space    used 10622K, capacity 11513K, committed 11520K, reserved 516096K
}
Event: 216.714 GC heap after
{Heap after GC invocations=165 (full 0):
 garbage-first heap   total 146432K, used 67294K [0x0000000080000000, 0x0000000100000000)
  region size 1024K, 8 young (8192K), 8 survivors (8192K)
 Metaspace       used 82557K, capacity 84861K, committed 84944K, reserved 589824K
  class space    used 10622K, capacity 11513K, committed 11520K, reserved 516096K
}
Event: 217.518 GC heap before
{Heap before GC invocations=165 (full 0):
 garbage-first heap   total 146432K, used 122590K [0x0000000080000000, 0x0000000100000000)
  region size 1024K, 62 young (63488K), 8 survivors (8192K)
 Metaspace       used 82731K, capacity 85038K, committed 85328K, reserved 589824K
  class space    used 10639K, capacity 11551K, committed 11648K, reserved 516096K
}
Event: 217.545 GC heap after
{Heap after GC invocations=166 (full 0):
 garbage-first heap   total 146432K, used 70614K [0x0000000080000000, 0x0000000100000000)
  region size 1024K, 4 young (4096K), 4 survivors (4096K)
 Metaspace       used 82731K, capacity 85038K, committed 85328K, reserved 589824K
  class space    used 10639K, capacity 11551K, committed 11648K, reserved 516096K
}
Event: 217.850 GC heap before
{Heap before GC invocations=166 (full 0):
 garbage-first heap   total 146432K, used 122838K [0x0000000080000000, 0x0000000100000000)
  region size 1024K, 55 young (56320K), 4 survivors (4096K)
 Metaspace       used 82746K, capacity 85102K, committed 85328K, reserved 589824K
  class space    used 10639K, capacity 11551K, committed 11648K, reserved 516096K
}
Event: 217.861 GC heap after
{Heap after GC invocations=167 (full 0):
 garbage-first heap   total 146432K, used 70634K [0x0000000080000000, 0x0000000100000000)
  region size 1024K, 4 young (4096K), 4 survivors (4096K)
 Metaspace       used 82746K, capacity 85102K, committed 85328K, reserved 589824K
  class space    used 10639K, capacity 11551K, committed 11648K, reserved 516096K
}

Deoptimization events (20 events):
Event: 216.917 Thread 0x0000021ea1366800 Uncommon trap: trap_request=0xffffff4d fr.pc=0x0000021e925954d8 relative=0x0000000000000318
Event: 216.917 Thread 0x0000021ea1366800 Uncommon trap: reason=unstable_if action=reinterpret pc=0x0000021e925954d8 method=groovyjarjarantlr4.v4.runtime.atn.ATNConfig.hashCode()I @ 67 c2
Event: 216.917 Thread 0x0000021ea1366800 DEOPT PACKING pc=0x0000021e925954d8 sp=0x000000c575ef7a10
Event: 216.917 Thread 0x0000021ea1366800 DEOPT UNPACKING pc=0x0000021e8a2f6a29 sp=0x000000c575ef7998 mode 2
Event: 217.044 Thread 0x0000021ea1366800 DEOPT PACKING pc=0x0000021e8bfc9f3c sp=0x000000c575ef7580
Event: 217.044 Thread 0x0000021ea1366800 DEOPT UNPACKING pc=0x0000021e8a2f683f sp=0x000000c575ef6a70 mode 0
Event: 217.146 Thread 0x0000021ea1366800 DEOPT PACKING pc=0x0000021e8b9a7677 sp=0x000000c575ef76b0
Event: 217.146 Thread 0x0000021ea1366800 DEOPT UNPACKING pc=0x0000021e8a2f683f sp=0x000000c575ef6bb0 mode 0
Event: 217.280 Thread 0x0000021ea1366800 DEOPT PACKING pc=0x0000021e8bfda63b sp=0x000000c575ef7410
Event: 217.280 Thread 0x0000021ea1366800 DEOPT UNPACKING pc=0x0000021e8a2f683f sp=0x000000c575ef68f8 mode 0
Event: 217.547 Thread 0x0000021ea1366800 Uncommon trap: trap_request=0xffffff4d fr.pc=0x0000021e925c69f0 relative=0x0000000000002dd0
Event: 217.547 Thread 0x0000021ea1366800 Uncommon trap: reason=unstable_if action=reinterpret pc=0x0000021e925c69f0 method=groovyjarjarantlr4.v4.runtime.atn.ParserATNSimulator.closure(Lgroovyjarjarantlr4/v4/runtime/atn/ATNConfig;Lgroovyjarjarantlr4/v4/runtime/atn/ATNConfigSet;Lgroovyjarjarantlr4
Event: 217.547 Thread 0x0000021ea1366800 DEOPT PACKING pc=0x0000021e925c69f0 sp=0x000000c575ef6f40
Event: 217.547 Thread 0x0000021ea1366800 DEOPT UNPACKING pc=0x0000021e8a2f6a29 sp=0x000000c575ef6f28 mode 2
Event: 217.579 Thread 0x0000021ea1366800 DEOPT PACKING pc=0x0000021e8c111579 sp=0x000000c575ef6ec0
Event: 217.579 Thread 0x0000021ea1366800 DEOPT UNPACKING pc=0x0000021e8a2f683f sp=0x000000c575ef6410 mode 0
Event: 217.597 Thread 0x0000021ea1366800 DEOPT PACKING pc=0x0000021e8bfcc036 sp=0x000000c575ef72c0
Event: 217.597 Thread 0x0000021ea1366800 DEOPT UNPACKING pc=0x0000021e8a2f683f sp=0x000000c575ef6778 mode 0
Event: 217.791 Thread 0x0000021ea1366800 DEOPT PACKING pc=0x0000021e8b9a7677 sp=0x000000c575ef71e0
Event: 217.792 Thread 0x0000021ea1366800 DEOPT UNPACKING pc=0x0000021e8a2f683f sp=0x000000c575ef66e0 mode 0

Classes redefined (0 events):
No events

Internal exceptions (20 events):
Event: 216.011 Thread 0x0000021ea1366800 Exception <a 'java/lang/NoSuchMethodError'{0x0000000085323a30}: 'int java.lang.invoke.DirectMethodHandle$Holder.invokeStatic(java.lang.Object, int, java.lang.Object, java.lang.Object)'> (0x0000000085323a30) thrown at [./src/hotspot/share/interpreter/linkResolver.cpp, line 773]
Event: 216.564 Thread 0x0000021ea3877000 Exception <a 'sun/nio/fs/WindowsException'{0x0000000084c999e8}> (0x0000000084c999e8) thrown at [./src/hotspot/share/prims/jni.cpp, line 615]
Event: 216.671 Thread 0x0000021ea3877000 Exception <a 'sun/nio/fs/WindowsException'{0x000000008492cd48}> (0x000000008492cd48) thrown at [./src/hotspot/share/prims/jni.cpp, line 615]
Event: 216.673 Thread 0x0000021ea3877000 Exception <a 'sun/nio/fs/WindowsException'{0x000000008492ceb8}> (0x000000008492ceb8) thrown at [./src/hotspot/share/prims/jni.cpp, line 615]
Event: 216.682 Thread 0x0000021ea1366800 Exception <a 'java/lang/ClassNotFoundException'{0x00000000849c9fe8}: build_b0thx2ftobo4bdfor20f5jdgqBeanInfo> (0x00000000849c9fe8) thrown at [./src/hotspot/share/classfile/systemDictionary.cpp, line 231]
Event: 216.682 Thread 0x0000021ea1366800 Exception <a 'java/lang/ClassNotFoundException'{0x00000000849d5490}: build_b0thx2ftobo4bdfor20f5jdgqCustomizer> (0x00000000849d5490) thrown at [./src/hotspot/share/classfile/systemDictionary.cpp, line 231]
Event: 216.753 Thread 0x0000021ea1366800 Exception <a 'java/lang/ClassNotFoundException'{0x0000000088d21088}: org/gradle/api/internal/artifacts/repositories/DefaultMavenArtifactRepository_DecoratedBeanInfo> (0x0000000088d21088) thrown at [./src/hotspot/share/classfile/systemDictionary.cpp, line 231]
Event: 216.754 Thread 0x0000021ea1366800 Exception <a 'java/lang/ClassNotFoundException'{0x0000000088d70270}: org/gradle/api/internal/artifacts/repositories/DefaultMavenArtifactRepositoryBeanInfo> (0x0000000088d70270) thrown at [./src/hotspot/share/classfile/systemDictionary.cpp, line 231]
Event: 216.756 Thread 0x0000021ea1366800 Exception <a 'java/lang/ClassNotFoundException'{0x0000000088dc3460}: org/gradle/api/internal/artifacts/repositories/AbstractAuthenticationSupportedRepositoryBeanInfo> (0x0000000088dc3460) thrown at [./src/hotspot/share/classfile/systemDictionary.cpp, line 231]
Event: 216.757 Thread 0x0000021ea1366800 Exception <a 'java/lang/ClassNotFoundException'{0x0000000088c16b50}: org/gradle/api/internal/artifacts/repositories/AbstractResolutionAwareArtifactRepositoryBeanInfo> (0x0000000088c16b50) thrown at [./src/hotspot/share/classfile/systemDictionary.cpp, line 231]
Event: 216.758 Thread 0x0000021ea1366800 Exception <a 'java/lang/ClassNotFoundException'{0x0000000088c632a0}: org/gradle/api/internal/artifacts/repositories/AbstractArtifactRepositoryBeanInfo> (0x0000000088c632a0) thrown at [./src/hotspot/share/classfile/systemDictionary.cpp, line 231]
Event: 216.759 Thread 0x0000021ea1366800 Exception <a 'java/lang/ClassNotFoundException'{0x0000000088cb2778}: org/gradle/api/internal/artifacts/repositories/AbstractArtifactRepositoryCustomizer> (0x0000000088cb2778) thrown at [./src/hotspot/share/classfile/systemDictionary.cpp, line 231]
Event: 216.762 Thread 0x0000021ea1366800 Exception <a 'java/lang/ClassNotFoundException'{0x0000000088b23f48}: org/gradle/api/internal/artifacts/repositories/AbstractResolutionAwareArtifactRepositoryCustomizer> (0x0000000088b23f48) thrown at [./src/hotspot/share/classfile/systemDictionary.cpp, line 231]
Event: 216.764 Thread 0x0000021ea1366800 Exception <a 'java/lang/ClassNotFoundException'{0x0000000088b80ef0}: org/gradle/api/internal/artifacts/repositories/AbstractAuthenticationSupportedRepositoryCustomizer> (0x0000000088b80ef0) thrown at [./src/hotspot/share/classfile/systemDictionary.cpp, line 231]
Event: 216.766 Thread 0x0000021ea1366800 Exception <a 'java/lang/ClassNotFoundException'{0x0000000088be0860}: org/gradle/api/internal/artifacts/repositories/DefaultMavenArtifactRepositoryCustomizer> (0x0000000088be0860) thrown at [./src/hotspot/share/classfile/systemDictionary.cpp, line 231]
Event: 216.773 Thread 0x0000021ea1366800 Exception <a 'java/lang/ClassNotFoundException'{0x0000000088a4af60}: org/gradle/api/internal/artifacts/repositories/DefaultMavenArtifactRepository_DecoratedCustomizer> (0x0000000088a4af60) thrown at [./src/hotspot/share/classfile/systemDictionary.cpp, line 231]
Event: 216.788 Thread 0x0000021ea1366800 Exception <a 'java/lang/ClassNotFoundException'{0x000000008896f760}: org/gradle/api/internal/artifacts/repositories/DefaultMavenRepositoryContentDescriptorBeanInfo> (0x000000008896f760) thrown at [./src/hotspot/share/classfile/systemDictionary.cpp, line 231]
Event: 216.789 Thread 0x0000021ea1366800 Exception <a 'java/lang/ClassNotFoundException'{0x00000000889c1760}: org/gradle/api/internal/artifacts/repositories/DefaultRepositoryContentDescriptorBeanInfo> (0x00000000889c1760) thrown at [./src/hotspot/share/classfile/systemDictionary.cpp, line 231]
Event: 216.790 Thread 0x0000021ea1366800 Exception <a 'java/lang/ClassNotFoundException'{0x00000000888163d0}: org/gradle/api/internal/artifacts/repositories/DefaultRepositoryContentDescriptorCustomizer> (0x00000000888163d0) thrown at [./src/hotspot/share/classfile/systemDictionary.cpp, line 231]
Event: 216.793 Thread 0x0000021ea1366800 Exception <a 'java/lang/ClassNotFoundException'{0x00000000888776b0}: org/gradle/api/internal/artifacts/repositories/DefaultMavenRepositoryContentDescriptorCustomizer> (0x00000000888776b0) thrown at [./src/hotspot/share/classfile/systemDictionary.cpp, line 231]

Events (20 events):
Event: 216.793 loading class org/gradle/api/internal/artifacts/repositories/DefaultMavenRepositoryContentDescriptorCustomizer
Event: 216.793 loading class org/gradle/api/internal/artifacts/repositories/DefaultMavenRepositoryContentDescriptorCustomizer done
Event: 216.794 loading class org/gradle/api/internal/artifacts/repositories/DefaultRepositoryContentDescriptor$ContentSpec
Event: 216.794 loading class org/gradle/api/internal/artifacts/repositories/DefaultRepositoryContentDescriptor$ContentSpec done
Event: 216.795 loading class org/gradle/api/internal/artifacts/repositories/DefaultRepositoryContentDescriptor$SpecMatcher
Event: 216.795 loading class org/gradle/api/internal/artifacts/repositories/DefaultRepositoryContentDescriptor$SpecMatcher done
Event: 216.796 loading class groovy/runtime/metaclass/build_b0thx2ftobo4bdfor20f5jdgq$_run_closure1$_closure2$_closure6MetaClass
Event: 216.796 loading class groovy/runtime/metaclass/build_b0thx2ftobo4bdfor20f5jdgq$_run_closure1$_closure2$_closure6MetaClass done
Event: 216.906 loading class org/apache/groovy/parser/antlr4/AstBuilder$1
Event: 216.906 loading class org/apache/groovy/parser/antlr4/AstBuilder$1 done
Event: 216.906 loading class groovyjarjarantlr4/v4/runtime/misc/Args
Event: 216.906 loading class groovyjarjarantlr4/v4/runtime/misc/Args done
Event: 216.908 loading class groovyjarjarantlr4/v4/runtime/ProxyParserErrorListener
Event: 216.908 loading class groovyjarjarantlr4/v4/runtime/ProxyParserErrorListener done
Event: 216.909 loading class groovyjarjarantlr4/v4/runtime/ProxyErrorListener
Event: 216.909 loading class groovyjarjarantlr4/v4/runtime/ProxyErrorListener done
Event: 217.518 Executing VM operation: G1CollectForAllocation
Event: 217.545 Executing VM operation: G1CollectForAllocation done
Event: 217.849 Executing VM operation: G1CollectForAllocation
Event: 217.861 Executing VM operation: G1CollectForAllocation done


Dynamic libraries:
0x00007ff711900000 - 0x00007ff71190a000 	C:\Program Files\Android\Android Studio1\jre\bin\java.exe
0x00007ff97a820000 - 0x00007ff97a9fb000 	C:\Windows\SYSTEM32\ntdll.dll
0x00007ff9792a0000 - 0x00007ff97934e000 	C:\Windows\System32\KERNEL32.DLL
0x00007ff977b30000 - 0x00007ff977d79000 	C:\Windows\System32\KERNELBASE.dll
0x00007ff9775a0000 - 0x00007ff977696000 	C:\Windows\System32\ucrtbase.dll
0x00007ff96ba00000 - 0x00007ff96ba19000 	C:\Program Files\Android\Android Studio1\jre\bin\jli.dll
0x00007ff96b9e0000 - 0x00007ff96b9f7000 	C:\Program Files\Android\Android Studio1\jre\bin\VCRUNTIME140.dll
0x00007ff979460000 - 0x00007ff9795aa000 	C:\Windows\System32\USER32.dll
0x00007ff9776a0000 - 0x00007ff9776be000 	C:\Windows\System32\win32u.dll
0x00007ff97a0e0000 - 0x00007ff97a107000 	C:\Windows\System32\GDI32.dll
0x00007ff966a20000 - 0x00007ff966c87000 	C:\Windows\WinSxS\amd64_microsoft.windows.common-controls_6595b64144ccf1df_6.0.15063.0_none_108e4f62dfe5d999\COMCTL32.dll
0x00007ff9776c0000 - 0x00007ff977848000 	C:\Windows\System32\gdi32full.dll
0x00007ff979780000 - 0x00007ff97981d000 	C:\Windows\System32\msvcrt.dll
0x00007ff977440000 - 0x00007ff9774da000 	C:\Windows\System32\msvcp_win.dll
0x00007ff979a50000 - 0x00007ff979d49000 	C:\Windows\System32\combase.dll
0x00007ff979fb0000 - 0x00007ff97a0d5000 	C:\Windows\System32\RPCRT4.dll
0x00007ff977530000 - 0x00007ff97759a000 	C:\Windows\System32\bcryptPrimitives.dll
0x00007ff9795b0000 - 0x00007ff9795dd000 	C:\Windows\System32\IMM32.DLL
0x00007ff959d20000 - 0x00007ff959dbd000 	C:\Program Files\Android\Android Studio1\jre\bin\msvcp140.dll
0x00007ff9564e0000 - 0x00007ff956faf000 	C:\Program Files\Android\Android Studio1\jre\bin\server\jvm.dll
0x00007ff979820000 - 0x00007ff9798c1000 	C:\Windows\System32\ADVAPI32.dll
0x00007ff97a750000 - 0x00007ff97a7a9000 	C:\Windows\System32\sechost.dll
0x00007ff979770000 - 0x00007ff979778000 	C:\Windows\System32\PSAPI.DLL
0x00007ff968b90000 - 0x00007ff968b99000 	C:\Windows\SYSTEM32\WSOCK32.dll
0x00007ff97a7b0000 - 0x00007ff97a81c000 	C:\Windows\System32\WS2_32.dll
0x00007ff9751a0000 - 0x00007ff9751c3000 	C:\Windows\SYSTEM32\WINMM.dll
0x00007ff96b070000 - 0x00007ff96b07a000 	C:\Windows\SYSTEM32\VERSION.dll
0x00007ff975140000 - 0x00007ff97516b000 	C:\Windows\SYSTEM32\WINMMBASE.dll
0x00007ff9774e0000 - 0x00007ff977529000 	C:\Windows\System32\cfgmgr32.dll
0x00007ff976cb0000 - 0x00007ff976cc1000 	C:\Windows\System32\kernel.appcore.dll
0x00007ff9672d0000 - 0x00007ff9672e1000 	C:\Program Files\Android\Android Studio1\jre\bin\verify.dll
0x00007ff969a90000 - 0x00007ff969c39000 	C:\Windows\SYSTEM32\DBGHELP.DLL
0x00007ff969a60000 - 0x00007ff969a89000 	C:\Windows\SYSTEM32\dbgcore.DLL
0x00007ff965540000 - 0x00007ff965569000 	C:\Program Files\Android\Android Studio1\jre\bin\java.dll
0x00007ff9672b0000 - 0x00007ff9672bb000 	C:\Program Files\Android\Android Studio1\jre\bin\jimage.dll
0x00007ff965520000 - 0x00007ff965538000 	C:\Program Files\Android\Android Studio1\jre\bin\zip.dll
0x00007ff977e60000 - 0x00007ff979297000 	C:\Windows\System32\SHELL32.dll
0x00007ff979f00000 - 0x00007ff979faa000 	C:\Windows\System32\shcore.dll
0x00007ff976d40000 - 0x00007ff977432000 	C:\Windows\System32\windows.storage.dll
0x00007ff979ea0000 - 0x00007ff979ef1000 	C:\Windows\System32\shlwapi.dll
0x00007ff976cd0000 - 0x00007ff976d1c000 	C:\Windows\System32\powrprof.dll
0x00007ff976d20000 - 0x00007ff976d35000 	C:\Windows\System32\profapi.dll
0x00007ff965500000 - 0x00007ff96551a000 	C:\Program Files\Android\Android Studio1\jre\bin\net.dll
0x00007ff96db10000 - 0x00007ff96dbe7000 	C:\Windows\SYSTEM32\WINHTTP.dll
0x00007ff976540000 - 0x00007ff97659c000 	C:\Windows\system32\mswsock.dll
0x00007ff9654e0000 - 0x00007ff9654f4000 	C:\Program Files\Android\Android Studio1\jre\bin\nio.dll
0x00007ff966900000 - 0x00007ff966927000 	C:\Users\EPHRAIN\.gradle\native\e1d6ef7f7dcc3fd88c89a11ec53ec762bb8ba0a96d01ffa2cd45eb1d1d8dd5c5\windows-amd64\native-platform.dll
0x00007ff967250000 - 0x00007ff96725a000 	C:\Program Files\Android\Android Studio1\jre\bin\management.dll
0x00007ff9668b0000 - 0x00007ff9668bc000 	C:\Program Files\Android\Android Studio1\jre\bin\management_ext.dll
0x00007ff9766e0000 - 0x00007ff9766f7000 	C:\Windows\SYSTEM32\CRYPTSP.dll
0x00007ff976160000 - 0x00007ff976194000 	C:\Windows\system32\rsaenh.dll
0x00007ff976850000 - 0x00007ff976875000 	C:\Windows\SYSTEM32\bcrypt.dll
0x00007ff976b90000 - 0x00007ff976bb9000 	C:\Windows\SYSTEM32\USERENV.dll
0x00007ff976700000 - 0x00007ff97670b000 	C:\Windows\SYSTEM32\CRYPTBASE.dll
0x00007ff9762e0000 - 0x00007ff976317000 	C:\Windows\SYSTEM32\IPHLPAPI.DLL
0x00007ff979740000 - 0x00007ff979748000 	C:\Windows\System32\NSI.dll
0x00007ff96e9e0000 - 0x00007ff96e9f6000 	C:\Windows\SYSTEM32\dhcpcsvc6.DLL
0x00007ff9705b0000 - 0x00007ff9705ca000 	C:\Windows\SYSTEM32\dhcpcsvc.DLL
0x00007ff959bc0000 - 0x00007ff959be7000 	C:\Program Files\Android\Android Studio1\jre\bin\sunec.dll
0x00007ff976320000 - 0x00007ff9763c4000 	C:\Windows\SYSTEM32\DNSAPI.dll
0x00007ff96a1d0000 - 0x00007ff96a1da000 	C:\Windows\System32\rasadhlp.dll
0x00007ff96dfb0000 - 0x00007ff96e01b000 	C:\Windows\System32\fwpuclnt.dll

dbghelp: loaded successfully - version: 4.0.5 - missing functions: none
symbol engine: initialized successfully - sym options: 0x614 - pdb path: .;C:\Program Files\Android\Android Studio1\jre\bin;C:\Windows\SYSTEM32;C:\Windows\WinSxS\amd64_microsoft.windows.common-controls_6595b64144ccf1df_6.0.15063.0_none_108e4f62dfe5d999;C:\Program Files\Android\Android Studio1\jre\bin\server;C:\Users\EPHRAIN\.gradle\native\e1d6ef7f7dcc3fd88c89a11ec53ec762bb8ba0a96d01ffa2cd45eb1d1d8dd5c5\windows-amd64

VM Arguments:
jvm_args: -XX:MaxMetaspaceSize=512m --add-opens=java.base/java.util=ALL-UNNAMED --add-opens=java.base/java.lang=ALL-UNNAMED --add-opens=java.base/java.lang.invoke=ALL-UNNAMED --add-opens=java.base/java.util=ALL-UNNAMED --add-opens=java.prefs/java.util.prefs=ALL-UNNAMED --add-opens=java.prefs/java.util.prefs=ALL-UNNAMED --add-opens=java.base/java.nio.charset=ALL-UNNAMED --add-opens=java.base/java.net=ALL-UNNAMED --add-opens=java.base/java.util.concurrent.atomic=ALL-UNNAMED -Xmx2048m -Dfile.encoding=windows-1252 -Duser.country=US -Duser.language=en -Duser.variant 
java_command: org.gradle.launcher.daemon.bootstrap.GradleDaemon 7.3.3
java_class_path (initial): C:\Users\EPHRAIN\.gradle\wrapper\dists\gradle-7.3.3-all\4295vidhdd9hd3gbjyw1xqxpo\gradle-7.3.3\lib\gradle-launcher-7.3.3.jar
Launcher Type: SUN_STANDARD

[Global flags]
     intx CICompilerCount                          = 2                                         {product} {ergonomic}
   size_t CompressedClassSpaceSize                 = 528482304                                 {product} {ergonomic}
     uint ConcGCThreads                            = 1                                         {product} {ergonomic}
     uint G1ConcRefinementThreads                  = 2                                         {product} {ergonomic}
   size_t G1HeapRegionSize                         = 1048576                                   {product} {ergonomic}
    uintx GCDrainStackTargetSize                   = 64                                        {product} {ergonomic}
   size_t InitialHeapSize                          = 58720256                                  {product} {ergonomic}
   size_t MarkStackSize                            = 4194304                                   {product} {ergonomic}
   size_t MaxHeapSize                              = 2147483648                                {product} {command line}
   size_t MaxMetaspaceSize                         = 536870912                                 {product} {command line}
   size_t MaxNewSize                               = 1287651328                                {product} {ergonomic}
   size_t MinHeapDeltaBytes                        = 1048576                                   {product} {ergonomic}
    uintx NonNMethodCodeHeapSize                   = 5825164                                {pd product} {ergonomic}
    uintx NonProfiledCodeHeapSize                  = 122916538                              {pd product} {ergonomic}
    uintx ProfiledCodeHeapSize                     = 122916538                              {pd product} {ergonomic}
    uintx ReservedCodeCacheSize                    = 251658240                              {pd product} {ergonomic}
     bool SegmentedCodeCache                       = true                                      {product} {ergonomic}
     bool UseCompressedClassPointers               = true                                 {lp64_product} {ergonomic}
     bool UseCompressedOops                        = true                                 {lp64_product} {ergonomic}
     bool UseG1GC                                  = true                                      {product} {ergonomic}
     bool UseLargePagesIndividualAllocation        = false                                  {pd product} {ergonomic}

Logging:
Log output configuration:
 #0: stdout all=warning uptime,level,tags
 #1: stderr all=off uptime,level,tags

Environment Variables:
JAVA_HOME=C:\Program Files\Android\Android Studio1\jre
CLASSPATH=C:\Users\EPHRAIN\React-Native-Apps\testApp\android\\gradle\wrapper\gradle-wrapper.jar
PATH=C:\Users\EPHRAIN\React-Native-Apps\testApp\android\node_modules\.bin;C:\Users\EPHRAIN\React-Native-Apps\testApp\node_modules\.bin;C:\Users\EPHRAIN\React-Native-Apps\node_modules\.bin;C:\Users\EPHRAIN\node_modules\.bin;C:\Users\node_modules\.bin;C:\node_modules\.bin;C:\Program Files\nodejs;C:\Program Files\Common Files\Oracle\Java\javapath;C:\Program Files (x86)\Common Files\Intel\Shared Files\cpp\bin\Intel64;C:\Windows\system32;C:\Windows;C:\Windows\System32\Wbem;C:\Windows\System32\WindowsPowerShell\v1.0\;C:\Program Files\nodejs\;C:\Program Files\php;C:\ProgramData\ComposerSetup\bin;C:\Program Files\Git\cmd;C:\Users\EPHRAIN\AppData\Local\Programs\Python\Python39\Scripts\;C:\Users\EPHRAIN\AppData\Local\Programs\Python\Python39\;C:\Users\EPHRAIN\AppData\Local\Microsoft\WindowsApps;C:\Users\EPHRAIN\AppData\Local\Programs\Microsoft VS Code\bin;C:\Users\EPHRAIN\AppData\Roaming\npm;C:\Users\EPHRAIN\AppData\Roaming\Composer\vendor\bin
USERNAME=EPHRAIN
OS=Windows_NT
PROCESSOR_IDENTIFIER=Intel64 Family 6 Model 23 Stepping 6, GenuineIntel



---------------  S Y S T E M  ---------------

OS: Windows 10 , 64 bit Build 15063 (10.0.15063.296)
OS uptime: 0 days 0:26 hours

CPU:total 2 (initial active 2) (2 cores per cpu, 1 threads per core) family 6 model 23 stepping 6 microcode 0x610, cmov, cx8, fxsr, mmx, sse, sse2, sse3, ssse3, sse4.1, tsc

Memory: 4k page, system-wide physical 3554M (451M free)
TotalPageFile size 10554M (AvailPageFile size 7095M)
current process WorkingSet (physical memory assigned to process): 370M, peak: 373M
current process commit charge ("private bytes"): 401M, peak: 405M

vm_info: OpenJDK 64-Bit Server VM (11.0.10+0-b96-7249189) for windows-amd64 JRE (11.0.10+0-b96-7249189), built on Mar 31 2021 21:44:00 by "builder" with MS VC++ 14.0 (VS2015)

END.
